2022-10-06T17:05:03.264+0900 [ERROR] vertex "module.vpcs[\"vpc-bar\"].ncloud_vpc.vpc" error: Status: 500 Internal Server Error, Body: {"responseError": {
  "returnCode": "1000037",
  "returnMessage": "Cannot create with duplicate VPC name."
}}
2022-10-06T17:05:22.203+0900 [ERROR] vertex "module.vpcs[\"vpc-workshop\"].ncloud_vpc.vpc" error: Status: 500 Internal Server Error, Body: {"responseError": {
  "returnCode": "1000037",
  "returnMessage": "Cannot create with duplicate VPC name."
}}
2022-10-06T17:34:21.653+0900 [ERROR] vertex "data.ncloud_root_password.root_passwords[\"svr-workshop-bastion\"]" error: Unsupported attribute
2022-10-06T17:34:21.654+0900 [ERROR] vertex "data.ncloud_root_password.root_passwords[\"svr-workshop-worker-001\"]" error: Unsupported attribute
2022-10-06T17:34:21.654+0900 [ERROR] vertex "data.ncloud_root_password.root_passwords[\"svr-workshop-worker-002\"]" error: Unsupported attribute
2022-10-06T17:34:21.654+0900 [ERROR] vertex "data.ncloud_root_password.root_passwords[\"svr-workshop-worker-003\"]" error: Unsupported attribute
2022-10-06T17:34:21.654+0900 [ERROR] vertex "data.ncloud_root_password.root_passwords (expand)" error: Unsupported attribute
2022-10-06T17:34:21.654+0900 [ERROR] vertex "data.ncloud_root_password.root_passwords (expand)" error: Unsupported attribute
2022-10-06T17:34:21.654+0900 [ERROR] vertex "data.ncloud_root_password.root_passwords (expand)" error: Unsupported attribute
2022-10-06T17:34:21.654+0900 [ERROR] vertex "data.ncloud_root_password.root_passwords (expand)" error: Unsupported attribute
2022-10-06T17:34:41.754+0900 [ERROR] vertex "data.ncloud_root_password.root_passwords[\"svr-workshop-worker-002\"]" error: Missing required argument
2022-10-06T17:34:41.755+0900 [ERROR] vertex "data.ncloud_root_password.root_passwords[\"svr-workshop-worker-003\"]" error: Missing required argument
2022-10-06T17:34:41.755+0900 [ERROR] vertex "data.ncloud_root_password.root_passwords[\"svr-workshop-worker-001\"]" error: Missing required argument
2022-10-06T17:34:41.755+0900 [ERROR] vertex "data.ncloud_root_password.root_passwords[\"svr-workshop-bastion\"]" error: Missing required argument
2022-10-06T17:34:41.755+0900 [ERROR] vertex "data.ncloud_root_password.root_passwords (expand)" error: Missing required argument
2022-10-06T17:34:41.755+0900 [ERROR] vertex "data.ncloud_root_password.root_passwords (expand)" error: Missing required argument
2022-10-06T17:34:41.755+0900 [ERROR] vertex "data.ncloud_root_password.root_passwords (expand)" error: Missing required argument
2022-10-06T17:34:41.755+0900 [ERROR] vertex "data.ncloud_root_password.root_passwords (expand)" error: Missing required argument
2022-10-06T17:38:21.642+0900 [ERROR] vertex "output.loginkey" error: Output refers to sensitive values
2022-10-06T17:38:21.642+0900 [ERROR] vertex "output.loginkey (expand)" error: Output refers to sensitive values
2022-10-06T17:43:47.667+0900 [ERROR] vertex "output.loginkey" error: Output refers to sensitive values
2022-10-06T17:43:47.667+0900 [ERROR] vertex "output.loginkey (expand)" error: Output refers to sensitive values
2022-10-06T17:43:58.443+0900 [ERROR] vertex "ncloud_login_key.loginkey (destroy)" error: Status: 500 Internal Server Error, Body: {"responseError": {
  "returnCode": "10407",
  "returnMessage": "key-workshop is the authentication key being used by svr-workshop-worker-001 server."
}}
2022-10-06T17:53:15.306+0900 [ERROR] vertex "output.bastion_root_password" error: Output refers to sensitive values
2022-10-06T17:53:15.306+0900 [ERROR] vertex "output.bastion_root_password (expand)" error: Output refers to sensitive values
2022-10-06T17:54:56.857+0900 [ERROR] vertex "output.bastion_root_password" error: Invalid function argument
2022-10-06T17:54:56.857+0900 [ERROR] vertex "output.bastion_root_password" error: Invalid function argument
2022-10-06T17:54:56.857+0900 [ERROR] vertex "output.bastion_root_password" error: Invalid function argument
2022-10-06T17:54:56.857+0900 [ERROR] vertex "output.bastion_root_password" error: Invalid function argument
2022-10-06T17:54:56.857+0900 [ERROR] vertex "output.bastion_root_password (expand)" error: Invalid function argument
2022-10-06T17:54:56.857+0900 [ERROR] vertex "output.bastion_root_password (expand)" error: Invalid function argument
2022-10-06T17:54:56.857+0900 [ERROR] vertex "output.bastion_root_password (expand)" error: Invalid function argument
2022-10-06T17:54:56.857+0900 [ERROR] vertex "output.bastion_root_password (expand)" error: Invalid function argument
2022-10-06T17:59:03.922+0900 [ERROR] vertex "output.server_infos" error: Unsupported attribute
2022-10-06T17:59:03.922+0900 [ERROR] vertex "output.server_infos" error: Unsupported attribute
2022-10-06T17:59:03.922+0900 [ERROR] vertex "output.server_infos" error: Unsupported attribute
2022-10-06T17:59:03.923+0900 [ERROR] vertex "output.server_infos" error: Unsupported attribute
2022-10-06T17:59:03.923+0900 [ERROR] vertex "output.server_infos (expand)" error: Unsupported attribute
2022-10-06T17:59:03.923+0900 [ERROR] vertex "output.server_infos (expand)" error: Unsupported attribute
2022-10-06T17:59:03.923+0900 [ERROR] vertex "output.server_infos (expand)" error: Unsupported attribute
2022-10-06T17:59:03.923+0900 [ERROR] vertex "output.server_infos (expand)" error: Unsupported attribute
2022-10-06T17:59:13.222+0900 [ERROR] vertex "output.server_infos" error: Unsupported attribute
2022-10-06T17:59:13.222+0900 [ERROR] vertex "output.server_infos" error: Unsupported attribute
2022-10-06T17:59:13.222+0900 [ERROR] vertex "output.server_infos" error: Unsupported attribute
2022-10-06T17:59:13.222+0900 [ERROR] vertex "output.server_infos" error: Unsupported attribute
2022-10-06T17:59:13.222+0900 [ERROR] vertex "output.server_infos (expand)" error: Unsupported attribute
2022-10-06T17:59:13.222+0900 [ERROR] vertex "output.server_infos (expand)" error: Unsupported attribute
2022-10-06T17:59:13.222+0900 [ERROR] vertex "output.server_infos (expand)" error: Unsupported attribute
2022-10-06T17:59:13.222+0900 [ERROR] vertex "output.server_infos (expand)" error: Unsupported attribute
2022-10-06T17:59:37.714+0900 [ERROR] vertex "output.server_infos" error: Unsupported attribute
2022-10-06T17:59:37.714+0900 [ERROR] vertex "output.server_infos" error: Unsupported attribute
2022-10-06T17:59:37.714+0900 [ERROR] vertex "output.server_infos" error: Unsupported attribute
2022-10-06T17:59:37.714+0900 [ERROR] vertex "output.server_infos" error: Unsupported attribute
2022-10-06T17:59:37.714+0900 [ERROR] vertex "output.server_infos (expand)" error: Unsupported attribute
2022-10-06T17:59:37.714+0900 [ERROR] vertex "output.server_infos (expand)" error: Unsupported attribute
2022-10-06T17:59:37.714+0900 [ERROR] vertex "output.server_infos (expand)" error: Unsupported attribute
2022-10-06T17:59:37.714+0900 [ERROR] vertex "output.server_infos (expand)" error: Unsupported attribute
2022-10-06T18:00:37.726+0900 [ERROR] vertex "output.server_infos" error: Unsupported attribute
2022-10-06T18:00:37.726+0900 [ERROR] vertex "output.server_infos" error: Unsupported attribute
2022-10-06T18:00:37.726+0900 [ERROR] vertex "output.server_infos" error: Unsupported attribute
2022-10-06T18:00:37.726+0900 [ERROR] vertex "output.server_infos" error: Unsupported attribute
2022-10-06T18:00:37.726+0900 [ERROR] vertex "output.server_infos (expand)" error: Unsupported attribute
2022-10-06T18:00:37.726+0900 [ERROR] vertex "output.server_infos (expand)" error: Unsupported attribute
2022-10-06T18:00:37.726+0900 [ERROR] vertex "output.server_infos (expand)" error: Unsupported attribute
2022-10-06T18:00:37.726+0900 [ERROR] vertex "output.server_infos (expand)" error: Unsupported attribute
2022-10-06T18:02:03.375+0900 [ERROR] vertex "output.server_infos" error: Unsupported attribute
2022-10-06T18:02:03.375+0900 [ERROR] vertex "output.server_infos" error: Unsupported attribute
2022-10-06T18:02:03.375+0900 [ERROR] vertex "output.server_infos" error: Unsupported attribute
2022-10-06T18:02:03.375+0900 [ERROR] vertex "output.server_infos" error: Unsupported attribute
2022-10-06T18:02:03.376+0900 [ERROR] vertex "output.server_infos (expand)" error: Unsupported attribute
2022-10-06T18:02:03.376+0900 [ERROR] vertex "output.server_infos (expand)" error: Unsupported attribute
2022-10-06T18:02:03.376+0900 [ERROR] vertex "output.server_infos (expand)" error: Unsupported attribute
2022-10-06T18:02:03.376+0900 [ERROR] vertex "output.server_infos (expand)" error: Unsupported attribute
2022-10-06T18:02:30.392+0900 [ERROR] vertex "output.server_infos" error: Unsupported attribute
2022-10-06T18:02:30.392+0900 [ERROR] vertex "output.server_infos" error: Unsupported attribute
2022-10-06T18:02:30.392+0900 [ERROR] vertex "output.server_infos" error: Unsupported attribute
2022-10-06T18:02:30.392+0900 [ERROR] vertex "output.server_infos" error: Unsupported attribute
2022-10-06T18:02:30.392+0900 [ERROR] vertex "output.server_infos (expand)" error: Unsupported attribute
2022-10-06T18:02:30.392+0900 [ERROR] vertex "output.server_infos (expand)" error: Unsupported attribute
2022-10-06T18:02:30.392+0900 [ERROR] vertex "output.server_infos (expand)" error: Unsupported attribute
2022-10-06T18:02:30.392+0900 [ERROR] vertex "output.server_infos (expand)" error: Unsupported attribute
2022-10-06T18:08:59.398+0900 [ERROR] vertex "output.root_passwords" error: Output refers to sensitive values
2022-10-06T18:08:59.399+0900 [ERROR] vertex "output.root_passwords (expand)" error: Output refers to sensitive values
