2022-10-06T18:09:31.508+0900 [ERROR] AttachSchemaTransformer: No provider config schema available for provider["terraform.io/builtin/terraform"]
2022-10-06T18:09:31.509+0900 [ERROR] vertex "data.terraform_remote_state.infra" error: Invalid backend configuration
2022-10-06T18:09:43.242+0900 [ERROR] AttachSchemaTransformer: No provider config schema available for provider["terraform.io/builtin/terraform"]
2022-10-06T18:09:43.243+0900 [ERROR] AttachSchemaTransformer: No provider config schema available for provider["terraform.io/builtin/terraform"]
2022-10-06T18:09:43.246+0900 [ERROR] AttachSchemaTransformer: No provider config schema available for provider["terraform.io/builtin/terraform"]
2022-10-06T18:09:45.871+0900 [ERROR] AttachSchemaTransformer: No provider config schema available for provider["terraform.io/builtin/terraform"]
2022-10-06T18:10:11.601+0900 [ERROR] AttachSchemaTransformer: No provider config schema available for provider["terraform.io/builtin/terraform"]
2022-10-06T18:10:11.602+0900 [ERROR] AttachSchemaTransformer: No provider config schema available for provider["terraform.io/builtin/terraform"]
2022-10-06T18:10:11.606+0900 [ERROR] AttachSchemaTransformer: No provider config schema available for provider["terraform.io/builtin/terraform"]
2022-10-06T18:10:13.030+0900 [ERROR] AttachSchemaTransformer: No provider config schema available for provider["terraform.io/builtin/terraform"]
2022-10-06T18:10:14.592+0900 [ERROR] AttachSchemaTransformer: No provider config schema available for provider["terraform.io/builtin/terraform"]
2022-10-06T18:10:14.593+0900 [ERROR] AttachSchemaTransformer: No provider config schema available for provider["terraform.io/builtin/terraform"]
2022-10-06T18:10:14.598+0900 [ERROR] AttachSchemaTransformer: No provider config schema available for provider["terraform.io/builtin/terraform"]
2022-10-06T18:10:31.335+0900 [ERROR] AttachSchemaTransformer: No provider config schema available for provider["terraform.io/builtin/terraform"]
2022-10-06T18:10:31.342+0900 [ERROR] vertex "output.root_passwords" error: Output refers to sensitive values
2022-10-06T18:10:31.342+0900 [ERROR] vertex "output.root_passwords (expand)" error: Output refers to sensitive values
2022-10-06T18:10:32.294+0900 [ERROR] AttachSchemaTransformer: No provider config schema available for provider["terraform.io/builtin/terraform"]
2022-10-06T18:10:32.295+0900 [ERROR] vertex "output.root_passwords" error: Output refers to sensitive values
2022-10-06T18:10:32.295+0900 [ERROR] vertex "output.root_passwords (expand)" error: Output refers to sensitive values
2022-10-06T18:10:38.582+0900 [ERROR] AttachSchemaTransformer: No provider config schema available for provider["terraform.io/builtin/terraform"]
2022-10-06T18:10:38.585+0900 [ERROR] AttachSchemaTransformer: No provider config schema available for provider["terraform.io/builtin/terraform"]
2022-10-06T18:10:38.595+0900 [ERROR] AttachSchemaTransformer: No provider config schema available for provider["terraform.io/builtin/terraform"]
2022-10-06T18:10:39.571+0900 [ERROR] AttachSchemaTransformer: No provider config schema available for provider["terraform.io/builtin/terraform"]
2022-10-06T18:25:26.110+0900 [ERROR] AttachSchemaTransformer: No provider config schema available for provider["terraform.io/builtin/terraform"]
2022-10-06T18:25:26.112+0900 [ERROR] vertex "local.users" error: Invalid reference
2022-10-06T18:25:26.112+0900 [ERROR] vertex "local.users (expand)" error: Invalid reference
2022-10-06T18:25:26.170+0900 [ERROR] vertex "null_resource.set_ssh_rsa" error: Reference to undeclared local value
2022-10-06T18:25:26.170+0900 [ERROR] vertex "null_resource.set_ssh_rsa" error: Reference to undeclared local value
2022-10-06T18:25:26.170+0900 [ERROR] vertex "null_resource.set_ssh_rsa" error: Reference to undeclared local value
2022-10-06T18:25:49.243+0900 [ERROR] AttachSchemaTransformer: No provider config schema available for provider["terraform.io/builtin/terraform"]
2022-10-06T18:25:49.304+0900 [ERROR] vertex "null_resource.set_ssh_rsa" error: Reference to undeclared local value
2022-10-06T18:25:49.304+0900 [ERROR] vertex "null_resource.set_ssh_rsa" error: Reference to undeclared local value
2022-10-06T18:25:49.304+0900 [ERROR] vertex "null_resource.set_ssh_rsa" error: Reference to undeclared local value
2022-10-06T18:25:56.128+0900 [ERROR] AttachSchemaTransformer: No provider config schema available for provider["terraform.io/builtin/terraform"]
2022-10-06T18:25:56.182+0900 [ERROR] vertex "null_resource.set_ssh_rsa" error: Reference to undeclared local value
2022-10-06T18:25:56.182+0900 [ERROR] vertex "null_resource.set_ssh_rsa" error: Reference to undeclared local value
2022-10-06T18:25:56.182+0900 [ERROR] vertex "null_resource.set_ssh_rsa" error: Reference to undeclared local value
2022-10-06T18:26:33.308+0900 [ERROR] AttachSchemaTransformer: No provider config schema available for provider["terraform.io/builtin/terraform"]
2022-10-06T18:26:33.364+0900 [ERROR] vertex "null_resource.set_ssh_rsa" error: Reference to undeclared local value
2022-10-06T18:27:50.410+0900 [ERROR] AttachSchemaTransformer: No provider config schema available for provider["terraform.io/builtin/terraform"]
2022-10-06T18:27:50.470+0900 [ERROR] AttachSchemaTransformer: No provider config schema available for provider["terraform.io/builtin/terraform"]
2022-10-06T18:27:50.536+0900 [ERROR] AttachSchemaTransformer: No provider config schema available for provider["terraform.io/builtin/terraform"]
2022-10-06T18:27:52.424+0900 [ERROR] AttachSchemaTransformer: No provider config schema available for provider["terraform.io/builtin/terraform"]
2022-10-06T18:27:52.654+0900 [ERROR] scp stderr: "Sink: C0644 33 terraform_685845065.sh\n"
2022-10-06T18:27:52.791+0900 [ERROR] scp stderr: "Sink: C0644 0 terraform_685845065.sh\n"
2022-10-06T18:27:52.953+0900 [ERROR] scp stderr: "Sink: C0644 523 set-ssh-rsa.sh\n"
2022-10-06T18:27:53.094+0900 [ERROR] scp stderr: "Sink: C0644 42 terraform_616279755.sh\n"
2022-10-06T18:27:59.631+0900 [ERROR] scp stderr: "Sink: C0644 0 terraform_616279755.sh\n"
2022-10-06T18:33:55.269+0900 [ERROR] AttachSchemaTransformer: No provider config schema available for provider["terraform.io/builtin/terraform"]
2022-10-06T18:33:55.329+0900 [ERROR] vertex "null_resource.install_packages" error: Invalid function argument
2022-10-06T18:34:35.241+0900 [ERROR] AttachSchemaTransformer: No provider config schema available for provider["terraform.io/builtin/terraform"]
2022-10-06T18:34:35.300+0900 [ERROR] AttachSchemaTransformer: No provider config schema available for provider["terraform.io/builtin/terraform"]
2022-10-06T18:34:35.364+0900 [ERROR] AttachSchemaTransformer: No provider config schema available for provider["terraform.io/builtin/terraform"]
2022-10-06T18:34:36.581+0900 [ERROR] AttachSchemaTransformer: No provider config schema available for provider["terraform.io/builtin/terraform"]
2022-10-06T18:34:36.637+0900 [ERROR] AttachSchemaTransformer: No provider config schema available for provider["terraform.io/builtin/terraform"]
2022-10-06T18:34:36.695+0900 [ERROR] AttachSchemaTransformer: No provider config schema available for provider["terraform.io/builtin/terraform"]
2022-10-06T18:34:40.361+0900 [ERROR] AttachSchemaTransformer: No provider config schema available for provider["terraform.io/builtin/terraform"]
2022-10-06T18:34:40.419+0900 [ERROR] AttachSchemaTransformer: No provider config schema available for provider["terraform.io/builtin/terraform"]
2022-10-06T18:34:40.487+0900 [ERROR] AttachSchemaTransformer: No provider config schema available for provider["terraform.io/builtin/terraform"]
2022-10-06T18:34:42.653+0900 [ERROR] AttachSchemaTransformer: No provider config schema available for provider["terraform.io/builtin/terraform"]
2022-10-06T18:34:42.903+0900 [ERROR] scp stderr: "Sink: C0644 33 terraform_1953397269.sh\n"
2022-10-06T18:34:43.030+0900 [ERROR] scp stderr: "Sink: C0644 0 terraform_1953397269.sh\n"
2022-10-06T18:34:43.190+0900 [ERROR] scp stderr: "Sink: C0644 164 install-packages.sh\n"
2022-10-06T18:34:43.344+0900 [ERROR] scp stderr: "Sink: C0644 47 terraform_2004132185.sh\n"
2022-10-06T18:34:43.444+0900 [ERROR] vertex "null_resource.install_packages[0]" error: remote-exec provisioner error
2022-10-06T18:34:53.737+0900 [ERROR] AttachSchemaTransformer: No provider config schema available for provider["terraform.io/builtin/terraform"]
2022-10-06T18:34:53.792+0900 [ERROR] AttachSchemaTransformer: No provider config schema available for provider["terraform.io/builtin/terraform"]
2022-10-06T18:34:53.852+0900 [ERROR] AttachSchemaTransformer: No provider config schema available for provider["terraform.io/builtin/terraform"]
2022-10-06T18:34:55.098+0900 [ERROR] AttachSchemaTransformer: No provider config schema available for provider["terraform.io/builtin/terraform"]
2022-10-06T18:34:55.367+0900 [ERROR] scp stderr: "Sink: C0644 33 terraform_1979452438.sh\n"
2022-10-06T18:34:55.492+0900 [ERROR] scp stderr: "Sink: C0644 0 terraform_1979452438.sh\n"
2022-10-06T18:34:55.647+0900 [ERROR] scp stderr: "Sink: C0644 164 install-packages.sh\n"
2022-10-06T18:34:55.796+0900 [ERROR] scp stderr: "Sink: C0644 48 terraform_1843606670.sh\n"
2022-10-06T18:35:25.730+0900 [ERROR] vertex "null_resource.install_packages[0]" error: remote-exec provisioner error
2022-10-06T18:35:48.026+0900 [ERROR] AttachSchemaTransformer: No provider config schema available for provider["terraform.io/builtin/terraform"]
2022-10-06T18:35:48.088+0900 [ERROR] AttachSchemaTransformer: No provider config schema available for provider["terraform.io/builtin/terraform"]
2022-10-06T18:35:48.155+0900 [ERROR] AttachSchemaTransformer: No provider config schema available for provider["terraform.io/builtin/terraform"]
2022-10-06T18:35:49.540+0900 [ERROR] AttachSchemaTransformer: No provider config schema available for provider["terraform.io/builtin/terraform"]
2022-10-06T18:35:49.809+0900 [ERROR] scp stderr: "Sink: C0644 33 terraform_2034899595.sh\n"
2022-10-06T18:35:49.937+0900 [ERROR] scp stderr: "Sink: C0644 0 terraform_2034899595.sh\n"
2022-10-06T18:35:50.089+0900 [ERROR] scp stderr: "Sink: C0644 164 install-packages.sh\n"
2022-10-06T18:35:50.240+0900 [ERROR] scp stderr: "Sink: C0644 48 terraform_2028268740.sh\n"
2022-10-06T18:35:57.203+0900 [ERROR] vertex "null_resource.install_packages[0]" error: remote-exec provisioner error
2022-10-06T18:38:16.995+0900 [ERROR] AttachSchemaTransformer: No provider config schema available for provider["terraform.io/builtin/terraform"]
2022-10-06T18:38:17.057+0900 [ERROR] AttachSchemaTransformer: No provider config schema available for provider["terraform.io/builtin/terraform"]
2022-10-06T18:38:17.124+0900 [ERROR] AttachSchemaTransformer: No provider config schema available for provider["terraform.io/builtin/terraform"]
2022-10-06T18:38:18.241+0900 [ERROR] AttachSchemaTransformer: No provider config schema available for provider["terraform.io/builtin/terraform"]
2022-10-06T18:38:18.516+0900 [ERROR] scp stderr: "Sink: C0644 33 terraform_267511394.sh\n"
2022-10-06T18:38:18.637+0900 [ERROR] scp stderr: "Sink: C0644 0 terraform_267511394.sh\n"
2022-10-06T18:38:18.798+0900 [ERROR] scp stderr: "Sink: C0644 165 install-packages.sh\n"
2022-10-06T18:38:18.946+0900 [ERROR] scp stderr: "Sink: C0644 48 terraform_2036310408.sh\n"
2022-10-06T18:38:58.347+0900 [ERROR] scp stderr: "Sink: C0644 0 terraform_2036310408.sh\n"
2022-10-06T18:39:06.905+0900 [ERROR] AttachSchemaTransformer: No provider config schema available for provider["terraform.io/builtin/terraform"]
2022-10-06T18:39:06.963+0900 [ERROR] AttachSchemaTransformer: No provider config schema available for provider["terraform.io/builtin/terraform"]
2022-10-06T18:39:07.028+0900 [ERROR] AttachSchemaTransformer: No provider config schema available for provider["terraform.io/builtin/terraform"]
2022-10-06T18:39:08.565+0900 [ERROR] AttachSchemaTransformer: No provider config schema available for provider["terraform.io/builtin/terraform"]
2022-10-06T18:39:08.878+0900 [ERROR] scp stderr: "Sink: C0644 33 terraform_1479146630.sh\n"
2022-10-06T18:39:09.008+0900 [ERROR] scp stderr: "Sink: C0644 0 terraform_1479146630.sh\n"
2022-10-06T18:39:09.167+0900 [ERROR] scp stderr: "Sink: C0644 196 install-packages.sh\n"
2022-10-06T18:39:09.317+0900 [ERROR] scp stderr: "Sink: C0644 48 terraform_246658209.sh\n"
2022-10-06T18:39:13.312+0900 [ERROR] scp stderr: "Sink: C0644 0 terraform_246658209.sh\n"
2022-10-06T18:39:51.946+0900 [ERROR] AttachSchemaTransformer: No provider config schema available for provider["terraform.io/builtin/terraform"]
2022-10-06T18:39:52.007+0900 [ERROR] AttachSchemaTransformer: No provider config schema available for provider["terraform.io/builtin/terraform"]
2022-10-06T18:39:52.072+0900 [ERROR] AttachSchemaTransformer: No provider config schema available for provider["terraform.io/builtin/terraform"]
2022-10-06T18:39:52.979+0900 [ERROR] AttachSchemaTransformer: No provider config schema available for provider["terraform.io/builtin/terraform"]
2022-10-06T18:40:23.861+0900 [ERROR] AttachSchemaTransformer: No provider config schema available for provider["terraform.io/builtin/terraform"]
2022-10-06T18:40:23.919+0900 [ERROR] AttachSchemaTransformer: No provider config schema available for provider["terraform.io/builtin/terraform"]
2022-10-06T18:40:23.981+0900 [ERROR] AttachSchemaTransformer: No provider config schema available for provider["terraform.io/builtin/terraform"]
2022-10-06T18:40:24.661+0900 [ERROR] AttachSchemaTransformer: No provider config schema available for provider["terraform.io/builtin/terraform"]
2022-10-06T19:08:48.058+0900 [ERROR] AttachSchemaTransformer: No provider config schema available for provider["terraform.io/builtin/terraform"]
2022-10-06T19:08:48.115+0900 [ERROR] AttachSchemaTransformer: No provider config schema available for provider["terraform.io/builtin/terraform"]
2022-10-06T19:08:48.179+0900 [ERROR] AttachSchemaTransformer: No provider config schema available for provider["terraform.io/builtin/terraform"]
2022-10-06T19:08:52.071+0900 [ERROR] AttachSchemaTransformer: No provider config schema available for provider["terraform.io/builtin/terraform"]
2022-10-06T19:08:52.345+0900 [ERROR] scp stderr: "Sink: C0644 33 terraform_575432721.sh\n"
2022-10-06T19:08:52.478+0900 [ERROR] scp stderr: "Sink: C0644 0 terraform_575432721.sh\n"
2022-10-06T19:08:52.641+0900 [ERROR] scp stderr: "Sink: C0644 215 install-packages.sh\n"
2022-10-06T19:08:52.793+0900 [ERROR] scp stderr: "Sink: C0644 48 terraform_1391265420.sh\n"
2022-10-06T19:10:41.594+0900 [ERROR] scp stderr: "Sink: C0644 0 terraform_1391265420.sh\n"
2022-10-06T19:17:50.811+0900 [ERROR] AttachSchemaTransformer: No provider config schema available for provider["terraform.io/builtin/terraform"]
2022-10-06T19:17:50.875+0900 [ERROR] AttachSchemaTransformer: No provider config schema available for provider["terraform.io/builtin/terraform"]
2022-10-06T19:17:50.942+0900 [ERROR] AttachSchemaTransformer: No provider config schema available for provider["terraform.io/builtin/terraform"]
2022-10-06T19:17:51.917+0900 [ERROR] AttachSchemaTransformer: No provider config schema available for provider["terraform.io/builtin/terraform"]
2022-10-06T19:17:52.184+0900 [ERROR] scp stderr: "Sink: C0644 33 terraform_421998688.sh\n"
2022-10-06T19:17:52.312+0900 [ERROR] scp stderr: "Sink: C0644 0 terraform_421998688.sh\n"
2022-10-06T19:17:52.480+0900 [ERROR] scp stderr: "Sink: C0644 523 set-ssh-rsa.sh\n"
2022-10-06T19:17:52.630+0900 [ERROR] scp stderr: "Sink: C0644 42 terraform_1734720167.sh\n"
2022-10-06T19:17:56.128+0900 [ERROR] scp stderr: "Sink: C0644 0 terraform_1734720167.sh\n"
2022-10-06T19:17:56.301+0900 [ERROR] scp stderr: "Sink: C0644 33 terraform_1574097051.sh\n"
2022-10-06T19:17:56.443+0900 [ERROR] scp stderr: "Sink: C0644 0 terraform_1574097051.sh\n"
2022-10-06T19:17:56.604+0900 [ERROR] scp stderr: "Sink: C0644 215 install-packages.sh\n"
2022-10-06T19:17:56.760+0900 [ERROR] scp stderr: "Sink: C0644 48 terraform_1248264053.sh\n"
2022-10-06T19:18:03.029+0900 [ERROR] scp stderr: "Sink: C0644 0 terraform_1248264053.sh\n"
2022-10-06T19:18:03.203+0900 [ERROR] scp stderr: "Sink: C0644 35 terraform_493137807.sh\n"
2022-10-06T19:18:03.336+0900 [ERROR] scp stderr: "Sink: C0644 0 terraform_493137807.sh\n"
2022-10-06T19:18:03.516+0900 [ERROR] scp stderr: "Sink: C0644 408 inventory.ini\n"
2022-10-06T19:26:27.331+0900 [ERROR] AttachSchemaTransformer: No provider config schema available for provider["terraform.io/builtin/terraform"]
2022-10-06T19:26:27.393+0900 [ERROR] vertex "null_resource.create_users" error: Reference to undeclared input variable
2022-10-06T19:26:27.393+0900 [ERROR] vertex "null_resource.create_users" error: Invalid remote-exec provisioner configuration
2022-10-06T19:27:56.301+0900 [ERROR] AttachSchemaTransformer: No provider config schema available for provider["terraform.io/builtin/terraform"]
2022-10-06T19:27:56.302+0900 [ERROR] vertex "local.create_users_vars" error: Reference to undeclared local value
2022-10-06T19:27:56.302+0900 [ERROR] vertex "local.create_users_vars (expand)" error: Reference to undeclared local value
2022-10-06T19:28:10.472+0900 [ERROR] AttachSchemaTransformer: No provider config schema available for provider["terraform.io/builtin/terraform"]
2022-10-06T19:28:10.532+0900 [ERROR] vertex "null_resource.create_users" error: Reference to undeclared input variable
2022-10-06T19:28:10.532+0900 [ERROR] vertex "null_resource.create_users" error: Invalid remote-exec provisioner configuration
2022-10-06T19:29:13.025+0900 [ERROR] AttachSchemaTransformer: No provider config schema available for provider["terraform.io/builtin/terraform"]
2022-10-06T19:29:13.089+0900 [ERROR] AttachSchemaTransformer: No provider config schema available for provider["terraform.io/builtin/terraform"]
2022-10-06T19:29:13.161+0900 [ERROR] AttachSchemaTransformer: No provider config schema available for provider["terraform.io/builtin/terraform"]
2022-10-06T19:29:14.368+0900 [ERROR] AttachSchemaTransformer: No provider config schema available for provider["terraform.io/builtin/terraform"]
2022-10-06T19:29:14.662+0900 [ERROR] scp stderr: "Sink: C0644 33 terraform_559194356.sh\n"
2022-10-06T19:29:14.789+0900 [ERROR] scp stderr: "Sink: C0644 0 terraform_559194356.sh\n"
2022-10-06T19:29:14.965+0900 [ERROR] scp stderr: "Sink: C0644 523 set-ssh-rsa.sh\n"
2022-10-06T19:29:15.118+0900 [ERROR] scp stderr: "Sink: C0644 42 terraform_529142864.sh\n"
2022-10-06T19:29:18.594+0900 [ERROR] scp stderr: "Sink: C0644 0 terraform_529142864.sh\n"
2022-10-06T19:29:18.762+0900 [ERROR] scp stderr: "Sink: C0644 33 terraform_1026643471.sh\n"
2022-10-06T19:29:18.898+0900 [ERROR] scp stderr: "Sink: C0644 0 terraform_1026643471.sh\n"
2022-10-06T19:29:19.068+0900 [ERROR] scp stderr: "Sink: C0644 215 install-packages.sh\n"
2022-10-06T19:29:19.226+0900 [ERROR] scp stderr: "Sink: C0644 48 terraform_1085801896.sh\n"
2022-10-06T19:29:25.931+0900 [ERROR] scp stderr: "Sink: C0644 0 terraform_1085801896.sh\n"
2022-10-06T19:29:26.108+0900 [ERROR] scp stderr: "Sink: C0644 35 terraform_1461976213.sh\n"
2022-10-06T19:29:26.239+0900 [ERROR] scp stderr: "Sink: C0644 0 terraform_1461976213.sh\n"
2022-10-06T19:29:26.401+0900 [ERROR] scp stderr: "Sink: C0644 408 inventory.ini\n"
2022-10-06T19:29:26.570+0900 [ERROR] scp stderr: "Sink: C0644 35 terraform_968121678.sh\n"
2022-10-06T19:29:26.710+0900 [ERROR] scp stderr: "Sink: C0644 0 terraform_968121678.sh\n"
2022-10-06T19:29:26.867+0900 [ERROR] scp stderr: "Sink: C0644 1041 create-users.yaml\n"
2022-10-06T19:29:27.012+0900 [ERROR] scp stderr: "Sink: C0644 122 terraform_1638614540.sh\n"
2022-10-06T19:31:33.318+0900 [ERROR] vertex "null_resource.create_users[0]" error: remote-exec provisioner error
2022-10-06T19:31:33.318+0900 [ERROR] vertex "null_resource.create_users[0]" error: execution halted
2022-10-06T19:31:33.318+0900 [ERROR] vertex "null_resource.create_users[0]" error: execution halted
2022-10-06T19:31:33.948+0900 [ERROR] AttachSchemaTransformer: No provider config schema available for provider["terraform.io/builtin/terraform"]
2022-10-06T19:31:34.008+0900 [ERROR] AttachSchemaTransformer: No provider config schema available for provider["terraform.io/builtin/terraform"]
2022-10-06T19:31:34.084+0900 [ERROR] AttachSchemaTransformer: No provider config schema available for provider["terraform.io/builtin/terraform"]
2022-10-06T19:31:34.860+0900 [ERROR] AttachSchemaTransformer: No provider config schema available for provider["terraform.io/builtin/terraform"]
2022-10-06T19:31:35.154+0900 [ERROR] scp stderr: "Sink: C0644 35 terraform_1935428812.sh\n"
2022-10-06T19:31:35.280+0900 [ERROR] scp stderr: "Sink: C0644 0 terraform_1935428812.sh\n"
2022-10-06T19:31:35.444+0900 [ERROR] scp stderr: "Sink: C0644 568 inventory.ini\n"
2022-10-06T19:31:35.619+0900 [ERROR] scp stderr: "Sink: C0644 35 terraform_1698386043.sh\n"
2022-10-06T19:31:35.768+0900 [ERROR] scp stderr: "Sink: C0644 0 terraform_1698386043.sh\n"
2022-10-06T19:31:35.931+0900 [ERROR] scp stderr: "Sink: C0644 1041 create-users.yaml\n"
2022-10-06T19:31:36.076+0900 [ERROR] scp stderr: "Sink: C0644 122 terraform_1815079929.sh\n"
2022-10-06T19:31:41.230+0900 [ERROR] scp stderr: "Sink: C0644 0 terraform_1815079929.sh\n"
2022-10-06T19:41:51.957+0900 [ERROR] AttachSchemaTransformer: No provider config schema available for provider["terraform.io/builtin/terraform"]
2022-10-06T19:41:52.011+0900 [ERROR] vertex "output.bastion_rootpw" error: Reference to undeclared local value
2022-10-06T19:41:52.011+0900 [ERROR] vertex "output.bastion_rootpw (expand)" error: Reference to undeclared local value
2022-10-06T19:41:52.013+0900 [ERROR] vertex "null_resource.set_ssh_rsa" error: Reference to undeclared local value
2022-10-06T19:42:37.753+0900 [ERROR] AttachSchemaTransformer: No provider config schema available for provider["terraform.io/builtin/terraform"]
2022-10-06T19:42:37.807+0900 [ERROR] vertex "output.bastion_rootpw" error: Reference to undeclared local value
2022-10-06T19:42:37.807+0900 [ERROR] vertex "output.bastion_rootpw (expand)" error: Reference to undeclared local value
2022-10-06T19:42:37.818+0900 [ERROR] vertex "null_resource.install_cla_agent" error: Invalid function argument
2022-10-06T19:43:01.395+0900 [ERROR] AttachSchemaTransformer: No provider config schema available for provider["terraform.io/builtin/terraform"]
2022-10-06T19:43:01.454+0900 [ERROR] vertex "output.bastion_rootpw" error: Reference to undeclared local value
2022-10-06T19:43:01.454+0900 [ERROR] vertex "output.bastion_rootpw (expand)" error: Reference to undeclared local value
2022-10-06T19:43:16.208+0900 [ERROR] AttachSchemaTransformer: No provider config schema available for provider["terraform.io/builtin/terraform"]
2022-10-06T19:43:16.268+0900 [ERROR] AttachSchemaTransformer: No provider config schema available for provider["terraform.io/builtin/terraform"]
2022-10-06T19:43:16.326+0900 [ERROR] vertex "local.servers" error: Unsupported attribute
2022-10-06T19:43:16.326+0900 [ERROR] vertex "local.servers (expand)" error: Unsupported attribute
2022-10-06T19:44:24.486+0900 [ERROR] AttachSchemaTransformer: No provider config schema available for provider["terraform.io/builtin/terraform"]
2022-10-06T19:44:24.544+0900 [ERROR] AttachSchemaTransformer: No provider config schema available for provider["terraform.io/builtin/terraform"]
2022-10-06T19:44:24.614+0900 [ERROR] AttachSchemaTransformer: No provider config schema available for provider["terraform.io/builtin/terraform"]
2022-10-06T19:44:25.548+0900 [ERROR] AttachSchemaTransformer: No provider config schema available for provider["terraform.io/builtin/terraform"]
2022-10-06T19:44:25.910+0900 [ERROR] scp stderr: "Sink: C0644 33 terraform_2091463434.sh\n"
2022-10-06T19:44:26.155+0900 [ERROR] scp stderr: "Sink: C0644 0 terraform_2091463434.sh\n"
2022-10-06T19:44:26.394+0900 [ERROR] scp stderr: "Sink: C0644 523 set-ssh-rsa.sh\n"
2022-10-06T19:44:26.767+0900 [ERROR] scp stderr: "Sink: C0644 42 terraform_440989019.sh\n"
2022-10-06T19:44:30.751+0900 [ERROR] scp stderr: "Sink: C0644 0 terraform_440989019.sh\n"
2022-10-06T19:44:31.131+0900 [ERROR] scp stderr: "Sink: C0644 35 terraform_2056624367.sh\n"
2022-10-06T19:44:31.388+0900 [ERROR] scp stderr: "Sink: C0644 0 terraform_2056624367.sh\n"
2022-10-06T19:44:31.592+0900 [ERROR] scp stderr: "Sink: C0644 568 inventory.ini\n"
2022-10-06T19:44:31.806+0900 [ERROR] scp stderr: "Sink: C0644 35 terraform_753697689.sh\n"
2022-10-06T19:44:32.147+0900 [ERROR] scp stderr: "Sink: C0644 0 terraform_753697689.sh\n"
2022-10-06T19:44:32.436+0900 [ERROR] scp stderr: "Sink: C0644 1041 create-users.yaml\n"
2022-10-06T19:44:32.626+0900 [ERROR] scp stderr: "Sink: C0644 122 terraform_1888206509.sh\n"
2022-10-06T19:44:36.910+0900 [ERROR] scp stderr: "Sink: C0644 0 terraform_1888206509.sh\n"
2022-10-06T19:47:47.444+0900 [ERROR] AttachSchemaTransformer: No provider config schema available for provider["terraform.io/builtin/terraform"]
2022-10-06T19:47:47.512+0900 [ERROR] vertex "null_resource.install_cla_agent" error: Invalid function argument
2022-10-06T19:48:17.381+0900 [ERROR] AttachSchemaTransformer: No provider config schema available for provider["terraform.io/builtin/terraform"]
2022-10-06T19:48:17.443+0900 [ERROR] AttachSchemaTransformer: No provider config schema available for provider["terraform.io/builtin/terraform"]
2022-10-06T19:48:17.511+0900 [ERROR] AttachSchemaTransformer: No provider config schema available for provider["terraform.io/builtin/terraform"]
2022-10-06T19:48:26.235+0900 [ERROR] AttachSchemaTransformer: No provider config schema available for provider["terraform.io/builtin/terraform"]
2022-10-06T19:48:26.299+0900 [ERROR] AttachSchemaTransformer: No provider config schema available for provider["terraform.io/builtin/terraform"]
2022-10-06T19:48:26.365+0900 [ERROR] AttachSchemaTransformer: No provider config schema available for provider["terraform.io/builtin/terraform"]
2022-10-06T19:48:27.395+0900 [ERROR] AttachSchemaTransformer: No provider config schema available for provider["terraform.io/builtin/terraform"]
2022-10-06T19:48:27.574+0900 [ERROR] vertex "null_resource.install_cla_agent[0]" error: Error in function call
2022-10-06T19:49:15.442+0900 [ERROR] AttachSchemaTransformer: No provider config schema available for provider["terraform.io/builtin/terraform"]
2022-10-06T19:49:15.511+0900 [ERROR] AttachSchemaTransformer: No provider config schema available for provider["terraform.io/builtin/terraform"]
2022-10-06T19:49:15.581+0900 [ERROR] AttachSchemaTransformer: No provider config schema available for provider["terraform.io/builtin/terraform"]
2022-10-06T19:49:16.639+0900 [ERROR] AttachSchemaTransformer: No provider config schema available for provider["terraform.io/builtin/terraform"]
2022-10-06T19:49:16.995+0900 [ERROR] scp stderr: "Sink: C0644 3150 call-cla-api.sh\n"
2022-10-06T19:49:17.158+0900 [ERROR] scp stderr: "Sink: C0644 151 install-cla-agent.yaml\n"
2022-10-06T19:49:17.303+0900 [ERROR] scp stderr: "Sink: C0644 43 terraform_247225992.sh\n"
2022-10-06T19:49:29.029+0900 [ERROR] scp stderr: "Sink: C0644 0 terraform_247225992.sh\n"
